<?xml version="1.0" encoding="UTF-8"?>
<testng-results ignored="0" total="2" passed="2" failed="0" skipped="0">
  <reporter-output>
  </reporter-output>
  <suite started-at="2024-06-20T20:04:02 TRT" name="Test" finished-at="2024-06-20T20:04:17 TRT" duration-ms="14990">
    <groups>
      <group name="depend">
        <method signature="Test_Driver.ResultController(java.lang.String)[pri:0, instance:com.TestUnit.Test_Driver@cd3fee8]" name="ResultController" class="com.TestUnit.Test_Driver"/>
        <method signature="Test_Driver.BasketCheck()[pri:0, instance:com.TestUnit.Test_Driver@cd3fee8]" name="BasketCheck" class="com.TestUnit.Test_Driver"/>
        <method signature="Test_Driver.ResultController(java.lang.String)[pri:0, instance:com.TestUnit.Test_Driver@481a996b]" name="ResultController" class="com.TestUnit.Test_Driver"/>
        <method signature="Test_Driver.BasketCheck()[pri:0, instance:com.TestUnit.Test_Driver@481a996b]" name="BasketCheck" class="com.TestUnit.Test_Driver"/>
      </group> <!-- depend -->
    </groups>
    <test started-at="2024-06-20T20:04:02 TRT" name="TestOnChrome" finished-at="2024-06-20T20:04:17 TRT" duration-ms="14990">
      <class name="com.TestUnit.Test_Driver">
        <test-method is-config="true" signature="setUp(java.lang.String)[pri:0, instance:com.TestUnit.Test_Driver@cd3fee8]" started-at="2024-06-20T20:04:02 TRT" name="setUp" finished-at="2024-06-20T20:04:07 TRT" duration-ms="4230" status="PASS">
          <params>
            <param index="0">
              <value>
                <![CDATA[chrome]]>
              </value>
            </param>
          </params>
          <reporter-output>
          </reporter-output>
        </test-method> <!-- setUp -->
        <test-method signature="ResultController(java.lang.String)[pri:0, instance:com.TestUnit.Test_Driver@cd3fee8]" started-at="2024-06-20T20:04:07 TRT" name="ResultController" finished-at="2024-06-20T20:04:12 TRT" duration-ms="5459" status="PASS">
          <params>
            <param index="0">
              <value>
                <![CDATA[https://www.amazon.com.tr/]]>
              </value>
            </param>
          </params>
          <reporter-output>
          </reporter-output>
        </test-method> <!-- ResultController -->
        <test-method signature="BasketCheck()[pri:0, instance:com.TestUnit.Test_Driver@cd3fee8]" started-at="2024-06-20T20:04:12 TRT" name="BasketCheck" finished-at="2024-06-20T20:04:17 TRT" depends-on-methods="com.TestUnit.Test_Driver.ResultController" duration-ms="4910" status="PASS">
          <reporter-output>
          </reporter-output>
        </test-method> <!-- BasketCheck -->
        <test-method is-config="true" signature="tearDown()[pri:0, instance:com.TestUnit.Test_Driver@cd3fee8]" started-at="2024-06-20T20:04:17 TRT" name="tearDown" finished-at="2024-06-20T20:04:17 TRT" duration-ms="301" status="PASS">
          <reporter-output>
          </reporter-output>
        </test-method> <!-- tearDown -->
      </class> <!-- com.TestUnit.Test_Driver -->
    </test> <!-- TestOnChrome -->
  </suite> <!-- Test -->
</testng-results>
